TN:
SF:frontend/aurora-performance-monitor.js
FN:8,get properties
FN:16,get styles
FN:68,AuroraPerformanceMonitor
FN:80,connectedCallback
FN:85,disconnectedCallback
FN:92,_startMetricsUpdate
FN:97,_updateMetrics
FN:114,_getStatusClass
FN:120,render
FNF:9
FNH:9
FNDA:1,get properties
FNDA:1,get styles
FNDA:8,AuroraPerformanceMonitor
FNDA:8,connectedCallback
FNDA:9,disconnectedCallback
FNDA:10,_startMetricsUpdate
FNDA:14,_updateMetrics
FNDA:95,_getStatusClass
FNDA:23,render
DA:1,1
DA:2,1
DA:3,1
DA:4,1
DA:5,1
DA:6,1
DA:7,1
DA:8,1
DA:9,1
DA:10,1
DA:11,1
DA:12,1
DA:13,1
DA:14,1
DA:15,1
DA:16,1
DA:17,1
DA:18,1
DA:19,1
DA:20,1
DA:21,1
DA:22,1
DA:23,1
DA:24,1
DA:25,1
DA:26,1
DA:27,1
DA:28,1
DA:29,1
DA:30,1
DA:31,1
DA:32,1
DA:33,1
DA:34,1
DA:35,1
DA:36,1
DA:37,1
DA:38,1
DA:39,1
DA:40,1
DA:41,1
DA:42,1
DA:43,1
DA:44,1
DA:45,1
DA:46,1
DA:47,1
DA:48,1
DA:49,1
DA:50,1
DA:51,1
DA:52,1
DA:53,1
DA:54,1
DA:55,1
DA:56,1
DA:57,1
DA:58,1
DA:59,1
DA:60,1
DA:61,1
DA:62,1
DA:63,1
DA:64,1
DA:65,1
DA:66,1
DA:67,1
DA:68,1
DA:69,8
DA:70,8
DA:71,8
DA:72,8
DA:73,8
DA:74,8
DA:75,8
DA:76,8
DA:77,8
DA:78,8
DA:79,1
DA:80,1
DA:81,8
DA:82,8
DA:83,8
DA:84,1
DA:85,1
DA:86,9
DA:87,9
DA:88,9
DA:89,9
DA:90,9
DA:91,1
DA:92,1
DA:93,10
DA:94,10
DA:95,10
DA:96,1
DA:97,1
DA:98,14
DA:99,6
DA:100,6
DA:101,6
DA:102,6
DA:103,6
DA:104,5
DA:105,5
DA:106,5
DA:107,5
DA:108,5
DA:109,14
DA:110,1
DA:111,1
DA:112,14
DA:113,1
DA:114,1
DA:115,95
DA:116,95
DA:117,87
DA:118,95
DA:119,1
DA:120,1
DA:121,23
DA:122,23
DA:123,23
DA:124,23
DA:125,23
DA:126,23
DA:127,23
DA:128,23
DA:129,23
DA:130,23
DA:131,23
DA:132,23
DA:133,23
DA:134,23
DA:135,23
DA:136,23
DA:137,23
DA:138,23
DA:139,23
DA:140,23
DA:141,23
DA:142,23
DA:143,23
DA:144,23
DA:145,23
DA:146,23
DA:147,23
DA:148,23
DA:149,23
DA:150,23
DA:151,23
DA:152,23
DA:153,23
DA:154,23
DA:155,23
DA:156,23
DA:157,23
DA:158,23
DA:159,23
DA:160,23
DA:161,1
DA:162,1
DA:163,1
LF:163
LH:163
BRDA:1,0,0,1
BRDA:8,1,0,1
BRDA:16,2,0,1
BRDA:68,3,0,8
BRDA:80,4,0,8
BRDA:85,5,0,9
BRDA:92,6,0,10
BRDA:94,7,0,1
BRDA:97,8,0,14
BRDA:98,9,0,8
BRDA:99,10,0,6
BRDA:104,11,0,5
BRDA:109,12,0,1
BRDA:114,13,0,95
BRDA:115,14,0,1
BRDA:116,15,0,94
BRDA:116,16,0,7
BRDA:117,17,0,87
BRDA:120,18,0,23
BRF:19
BRH:19
end_of_record
