TN:
SF:frontend/aurora-performance-monitor.js
FN:8,get properties
FN:18,AuroraPerformanceMonitor
FN:39,updated
FN:48,connectedCallback
FN:55,disconnectedCallback
FN:64,_startMetricsUpdate
FN:72,_stopMetricsUpdate
FN:79,_updateMetrics
FN:109,_updateHistory
FN:123,_getStatusClass
FN:129,_toggleExpanded
FN:139,_initChart
FN:211,_updateChart
FN:221,render
FN:253,get styles
FNF:15
FNH:13
FNDA:1,get properties
FNDA:11,AuroraPerformanceMonitor
FNDA:48,updated
FNDA:11,connectedCallback
FNDA:12,disconnectedCallback
FNDA:13,_startMetricsUpdate
FNDA:12,_stopMetricsUpdate
FNDA:87,_updateMetrics
FNDA:0,_updateHistory
FNDA:112,_getStatusClass
FNDA:1,_toggleExpanded
FNDA:1,_initChart
FNDA:0,_updateChart
FNDA:48,render
FNDA:1,get styles
DA:1,1
DA:2,1
DA:3,1
DA:4,1
DA:5,1
DA:6,1
DA:7,1
DA:8,1
DA:9,1
DA:10,1
DA:11,1
DA:12,1
DA:13,1
DA:14,1
DA:15,1
DA:16,1
DA:17,1
DA:18,1
DA:19,11
DA:20,11
DA:21,11
DA:22,11
DA:23,11
DA:24,11
DA:25,11
DA:26,11
DA:27,11
DA:28,11
DA:29,11
DA:30,11
DA:31,11
DA:32,11
DA:33,11
DA:34,11
DA:35,11
DA:36,11
DA:37,11
DA:38,1
DA:39,1
DA:40,48
DA:41,48
DA:42,12
DA:43,11
DA:44,11
DA:45,12
DA:46,48
DA:47,1
DA:48,1
DA:49,11
DA:50,11
DA:51,0
DA:52,0
DA:53,11
DA:54,1
DA:55,1
DA:56,12
DA:57,12
DA:58,12
DA:59,1
DA:60,1
DA:61,1
DA:62,12
DA:63,1
DA:64,1
DA:65,13
DA:66,13
DA:67,13
DA:68,0
DA:69,13
DA:70,13
DA:71,1
DA:72,1
DA:73,12
DA:74,11
DA:75,11
DA:76,11
DA:77,12
DA:78,1
DA:79,1
DA:80,87
DA:81,87
DA:82,87
DA:83,87
DA:84,87
DA:85,87
DA:86,0
DA:87,0
DA:88,0
DA:89,0
DA:90,0
DA:91,0
DA:92,0
DA:93,0
DA:94,0
DA:95,0
DA:96,87
DA:97,0
DA:98,0
DA:99,0
DA:100,0
DA:101,87
DA:102,87
DA:103,87
DA:104,87
DA:105,87
DA:106,87
DA:107,87
DA:108,1
DA:109,1
DA:110,0
DA:111,0
DA:112,0
DA:113,0
DA:114,0
DA:115,0
DA:116,0
DA:117,0
DA:118,0
DA:119,0
DA:120,0
DA:121,0
DA:122,1
DA:123,1
DA:124,112
DA:125,112
DA:126,108
DA:127,112
DA:128,1
DA:129,1
DA:130,1
DA:131,1
DA:132,1
DA:133,1
DA:134,0
DA:135,0
DA:136,0
DA:137,1
DA:138,1
DA:139,1
DA:140,1
DA:141,1
DA:142,1
DA:143,1
DA:144,1
DA:145,0
DA:146,0
DA:147,1
DA:148,1
DA:149,1
DA:150,1
DA:151,1
DA:152,1
DA:153,1
DA:154,1
DA:155,1
DA:156,1
DA:157,1
DA:158,1
DA:159,1
DA:160,1
DA:161,1
DA:162,1
DA:163,1
DA:164,1
DA:165,1
DA:166,1
DA:167,1
DA:168,1
DA:169,1
DA:170,1
DA:171,1
DA:172,1
DA:173,1
DA:174,1
DA:175,1
DA:176,1
DA:177,1
DA:178,1
DA:179,1
DA:180,1
DA:181,1
DA:182,1
DA:183,1
DA:184,1
DA:185,1
DA:186,1
DA:187,1
DA:188,1
DA:189,1
DA:190,1
DA:191,1
DA:192,1
DA:193,1
DA:194,1
DA:195,1
DA:196,1
DA:197,1
DA:198,1
DA:199,1
DA:200,1
DA:201,1
DA:202,1
DA:203,1
DA:204,1
DA:205,1
DA:206,1
DA:207,1
DA:208,1
DA:209,1
DA:210,1
DA:211,1
DA:212,0
DA:213,0
DA:214,0
DA:215,0
DA:216,0
DA:217,0
DA:218,0
DA:219,0
DA:220,1
DA:221,1
DA:222,48
DA:223,37
DA:224,37
DA:225,48
DA:226,48
DA:227,48
DA:228,48
DA:229,48
DA:230,48
DA:231,48
DA:232,48
DA:233,48
DA:234,48
DA:235,48
DA:236,48
DA:237,48
DA:238,48
DA:239,48
DA:240,48
DA:241,48
DA:242,48
DA:243,48
DA:244,48
DA:245,2
DA:246,2
DA:247,2
DA:248,48
DA:249,48
DA:250,48
DA:251,48
DA:252,1
DA:253,1
DA:254,1
DA:255,1
DA:256,1
DA:257,1
DA:258,1
DA:259,1
DA:260,1
DA:261,1
DA:262,1
DA:263,1
DA:264,1
DA:265,1
DA:266,1
DA:267,1
DA:268,1
DA:269,1
DA:270,1
DA:271,1
DA:272,1
DA:273,1
DA:274,1
DA:275,1
DA:276,1
DA:277,1
DA:278,1
DA:279,1
DA:280,1
DA:281,1
DA:282,1
DA:283,1
DA:284,1
DA:285,1
DA:286,1
DA:287,1
DA:288,1
DA:289,1
DA:290,1
DA:291,1
DA:292,1
DA:293,1
DA:294,1
DA:295,1
DA:296,1
DA:297,1
DA:298,1
DA:299,1
DA:300,1
DA:301,1
DA:302,1
DA:303,1
DA:304,1
DA:305,1
DA:306,1
DA:307,1
DA:308,1
DA:309,1
DA:310,1
DA:311,1
DA:312,1
DA:313,1
DA:314,1
DA:315,1
DA:316,1
DA:317,1
DA:318,1
DA:319,1
DA:320,1
DA:321,1
DA:322,1
DA:323,1
DA:324,1
DA:325,1
DA:326,1
DA:327,1
DA:328,1
DA:329,1
DA:330,1
DA:331,1
DA:332,1
DA:333,1
DA:334,1
DA:335,1
DA:336,1
DA:337,1
DA:338,1
DA:339,1
DA:340,1
DA:341,1
DA:342,1
DA:343,1
DA:344,1
DA:345,1
DA:346,1
DA:347,1
DA:348,1
DA:349,1
DA:350,1
DA:351,1
LF:351
LH:309
BRDA:1,0,0,1
BRDA:8,1,0,1
BRDA:18,2,0,11
BRDA:39,3,0,48
BRDA:41,4,0,12
BRDA:41,5,0,12
BRDA:42,6,0,11
BRDA:48,7,0,11
BRDA:50,8,0,0
BRDA:55,9,0,12
BRDA:58,10,0,1
BRDA:64,11,0,13
BRDA:65,12,0,0
BRDA:72,13,0,12
BRDA:73,14,0,11
BRDA:79,15,0,87
BRDA:80,16,0,0
BRDA:86,17,0,0
BRDA:96,18,0,0
BRDA:123,19,0,112
BRDA:124,20,0,4
BRDA:125,21,0,108
BRDA:125,22,0,0
BRDA:126,23,0,108
BRDA:129,24,0,1
BRDA:133,25,0,0
BRDA:132,26,0,1
BRDA:139,27,0,1
BRDA:141,28,0,0
BRDA:144,29,0,0
BRDA:221,30,0,48
BRDA:222,31,0,11
BRDA:223,32,0,37
BRDA:225,33,0,2
BRDA:225,34,0,35
BRDA:228,35,0,2
BRDA:228,36,0,35
BRDA:244,37,0,2
BRDA:248,38,0,35
BRDA:253,39,0,1
BRF:40
BRH:31
end_of_record
